#
# There is insufficient memory for the Java Runtime Environment to continue.
# Native memory allocation (mmap) failed to map 268435456 bytes for G1 virtual space
# Possible reasons:
#   The system is out of physical RAM or swap space
#   The process is running with CompressedOops enabled, and the Java Heap may be blocking the growth of the native heap
# Possible solutions:
#   Reduce memory load on the system
#   Increase physical memory or swap space
#   Check if swap backing store is full
#   Decrease Java heap size (-Xmx/-Xms)
#   Decrease number of Java threads
#   Decrease Java thread stack sizes (-Xss)
#   Set larger code cache with -XX:ReservedCodeCacheSize=
#   JVM is running with Unscaled Compressed Oops mode in which the Java heap is
#     placed in the first 4GB address space. The Java Heap base address is the
#     maximum limit for the native heap growth. Please use -XX:HeapBaseMinAddress
#     to set the Java Heap base and to place the Java Heap above 4GB virtual address.
# This output file may be truncated or incomplete.
#
#  Out of Memory Error (os_windows.cpp:3825), pid=22732, tid=10104
#
# JRE version:  (17.0.9+7) (build )
# Java VM: OpenJDK 64-Bit Server VM (17.0.9+7-b1087.11, mixed mode, sharing, tiered, compressed oops, compressed class ptrs, g1 gc, windows-amd64)
# No core dump will be written. Minidumps are not enabled by default on client versions of Windows
#

---------------  S U M M A R Y ------------

Command Line: -Djava.rmi.server.hostname=127.0.0.1 -Duser.timezone=UTC -Xmx750m -Xms256m -Djdbc.classpath=C:\Users\alexc\AppData\Local\Programs\DataGrip\plugins\DatabaseTools\lib\jdbc-console.jar;C:\Users\alexc\AppData\Roaming\JetBrains\DataGrip2023.3\jdbc-drivers\PostgreSQL\42.6.0\org\postgresql\postgresql\42.6.0\postgresql-42.6.0.jar;C:\Users\alexc\AppData\Roaming\JetBrains\DataGrip2023.3\jdbc-drivers\PostgreSQL\42.6.0\org\checkerframework\checker-qual\3.31.0\checker-qual-3.31.0.jar;C:\Users\alexc\AppData\Roaming\JetBrains\DataGrip2023.3\jdbc-drivers\PostgreSQL\42.6.0\com\github\waffle\waffle-jna\1.9.1\waffle-jna-1.9.1.jar;C:\Users\alexc\AppData\Roaming\JetBrains\DataGrip2023.3\jdbc-drivers\PostgreSQL\42.6.0\net\java\dev\jna\jna\4.5.1\jna-4.5.1.jar;C:\Users\alexc\AppData\Roaming\JetBrains\DataGrip2023.3\jdbc-drivers\PostgreSQL\42.6.0\net\java\dev\jna\jna-platform\4.5.1\jna-platform-4.5.1.jar;C:\Users\alexc\AppData\Roaming\JetBrains\DataGrip2023.3\jdbc-drivers\PostgreSQL\42.6.0\org\slf4j\jcl-over-slf4j\1.7.25\jcl-over-slf4j-1.7.25.jar;C:\Users\alexc\AppData\Roaming\JetBrains\DataGrip2023.3\jdbc-drivers\PostgreSQL\42.6.0\org\slf4j\slf4j-api\1.7.25\slf4j-api-1.7.25.jar;C:\Users\alexc\AppData\Roaming\JetBrains\DataGrip2023.3\jdbc-drivers\PostgreSQL\42.6.0\com\github\ben-manes\caffeine\caffeine\2.6.2\caffeine-2.6.2.jar --add-exports=java.desktop/sun.awt=ALL-UNNAMED --add-exports=java.desktop/java.awt.peer=ALL-UNNAMED --add-opens=java.desktop/java.awt=ALL-UNNAMED --add-opens=jdk.unsupported/sun.misc=ALL-UNNAMED --add-opens=java.base/java.nio=ALL-UNNAMED --add-opens=java.base/java.util=ALL-UNNAMED -Dfile.encoding=UTF-8 com.intellij.database.remote.RemoteJdbcServer org.postgresql.Driver

Host: 12th Gen Intel(R) Core(TM) i7-1260P, 16 cores, 15G,  Windows 11 , 64 bit Build 22621 (10.0.22621.3085)
Time: Fri Feb 23 19:47:40 2024 Romance Standard Time elapsed time: 0.009534 seconds (0d 0h 0m 0s)

---------------  T H R E A D  ---------------

Current thread (0x000001a9c25afda0):  JavaThread "Unknown thread" [_thread_in_vm, id=10104, stack(0x000000600ed00000,0x000000600ee00000)]

Stack: [0x000000600ed00000,0x000000600ee00000]
Native frames: (J=compiled Java code, j=interpreted, Vv=VM code, C=native code)
V  [jvm.dll+0x688349]
V  [jvm.dll+0x841bfa]
V  [jvm.dll+0x84383e]
V  [jvm.dll+0x843ea3]
V  [jvm.dll+0x24bdef]
V  [jvm.dll+0x6850f9]
V  [jvm.dll+0x67988a]
V  [jvm.dll+0x30cbfb]
V  [jvm.dll+0x3140a6]
V  [jvm.dll+0x363ede]
V  [jvm.dll+0x36410f]
V  [jvm.dll+0x2e29c8]
V  [jvm.dll+0x2e3934]
V  [jvm.dll+0x812771]
V  [jvm.dll+0x371d41]
V  [jvm.dll+0x7f12bc]
V  [jvm.dll+0x3f59cf]
V  [jvm.dll+0x3f7601]
C  [jli.dll+0x528f]
C  [ucrtbase.dll+0x29363]
C  [KERNEL32.DLL+0x1257d]
C  [ntdll.dll+0x5aa58]


---------------  P R O C E S S  ---------------

Threads class SMR info:
_java_thread_list=0x00007ffc5cecdf18, length=0, elements={
}

Java Threads: ( => current thread )

Other Threads:
  0x000001a9c25e5070 GCTaskThread "GC Thread#0" [stack: 0x000000600ee00000,0x000000600ef00000] [id=15232]
  0x000001a9c25ebd80 ConcurrentGCThread "G1 Main Marker" [stack: 0x000000600ef00000,0x000000600f000000] [id=3392]
  0x000001a9c25ec7a0 ConcurrentGCThread "G1 Conc#0" [stack: 0x000000600f000000,0x000000600f100000] [id=5712]

[error occurred during error reporting (printing all threads), id 0xc0000005, EXCEPTION_ACCESS_VIOLATION (0xc0000005) at pc=0x00007ffc5c683597]

VM state: not at safepoint (not fully initialized)

VM Mutex/Monitor currently owned by a thread:  ([mutex/lock_event])
[0x000001a9c25aa5b0] Heap_lock - owner thread: 0x000001a9c25afda0

Heap address: 0x00000000d1200000, size: 750 MB, Compressed Oops mode: 32-bit

CDS archive(s) mapped at: [0x0000000000000000-0x0000000000000000-0x0000000000000000), size 0, SharedBaseAddress: 0x0000000800000000, ArchiveRelocationMode: 1.
Narrow klass base: 0x0000000000000000, Narrow klass shift: 0, Narrow klass range: 0x0

GC Precious Log:
<Empty>

Heap:
 garbage-first heap   total 0K, used 0K [0x00000000d1200000, 0x0000000100000000)
  region size 1024K, 0 young (0K), 0 survivors (0K)
 Metaspace       used 0K, committed 0K, reserved 0K
  class space    used 0K, committed 0K, reserved 0K

Heap Regions: E=young(eden), S=young(survivor), O=old, HS=humongous(starts), HC=humongous(continues), CS=collection set, F=free, OA=open archive, CA=closed archive, TAMS=top-at-mark-start (previous, next)

Card table byte_map: [0x000001a9d5720000,0x000001a9d58a0000] _byte_map_base: 0x000001a9d5097000

Marking Bits (Prev, Next): (CMBitMap*) 0x000001a9c25e5690, (CMBitMap*) 0x000001a9c25e56d0
 Prev Bits: [0x000001a9d5a20000, 0x000001a9d65d8000)
 Next Bits: [0x000001a9d65e0000, 0x000001a9d7198000)

GC Heap History (0 events):
No events

Dll operation events (1 events):
Event: 0.004 Loaded shared library C:\Users\alexc\AppData\Local\Programs\DataGrip\jbr\bin\java.dll

Deoptimization events (0 events):
No events

Classes unloaded (0 events):
No events

Classes redefined (0 events):
No events

Internal exceptions (0 events):
No events

VM Operations (0 events):
No events

Events (0 events):
No events


Dynamic libraries:
0x00007ff77e0c0000 - 0x00007ff77e0ca000 	C:\Users\alexc\AppData\Local\Programs\DataGrip\jbr\bin\java.exe
0x00007ffcd49d0000 - 0x00007ffcd4be7000 	C:\WINDOWS\SYSTEM32\ntdll.dll
0x00007ffcd30d0000 - 0x00007ffcd3194000 	C:\WINDOWS\System32\KERNEL32.DLL
0x00007ffcd2190000 - 0x00007ffcd2536000 	C:\WINDOWS\System32\KERNELBASE.dll
0x00007ffcd1d10000 - 0x00007ffcd1e21000 	C:\WINDOWS\System32\ucrtbase.dll
0x00007ffcb1210000 - 0x00007ffcb1227000 	C:\Users\alexc\AppData\Local\Programs\DataGrip\jbr\bin\jli.dll
0x00007ffcd3920000 - 0x00007ffcd3ace000 	C:\WINDOWS\System32\USER32.dll
0x00007ffcd1fc0000 - 0x00007ffcd1fe6000 	C:\WINDOWS\System32\win32u.dll
0x00007ffcb4d20000 - 0x00007ffcb4fb3000 	C:\WINDOWS\WinSxS\amd64_microsoft.windows.common-controls_6595b64144ccf1df_6.0.22621.2506_none_270c5ae97388e100\COMCTL32.dll
0x00007ffcd4860000 - 0x00007ffcd4889000 	C:\WINDOWS\System32\GDI32.dll
0x00007ffcd3860000 - 0x00007ffcd3907000 	C:\WINDOWS\System32\msvcrt.dll
0x00007ffcd2600000 - 0x00007ffcd2718000 	C:\WINDOWS\System32\gdi32full.dll
0x00007ffcd1f20000 - 0x00007ffcd1fba000 	C:\WINDOWS\System32\msvcp_win.dll
0x00007ffcc6840000 - 0x00007ffcc685b000 	C:\Users\alexc\AppData\Local\Programs\DataGrip\jbr\bin\VCRUNTIME140.dll
0x00007ffcd2880000 - 0x00007ffcd28b1000 	C:\WINDOWS\System32\IMM32.DLL
0x00007ffcb1830000 - 0x00007ffcb183c000 	C:\Users\alexc\AppData\Local\Programs\DataGrip\jbr\bin\vcruntime140_1.dll
0x00007ffc94e10000 - 0x00007ffc94e9d000 	C:\Users\alexc\AppData\Local\Programs\DataGrip\jbr\bin\msvcp140.dll
0x00007ffc5c390000 - 0x00007ffc5d012000 	C:\Users\alexc\AppData\Local\Programs\DataGrip\jbr\bin\server\jvm.dll
0x00007ffcd4410000 - 0x00007ffcd44c3000 	C:\WINDOWS\System32\ADVAPI32.dll
0x00007ffcd28c0000 - 0x00007ffcd2968000 	C:\WINDOWS\System32\sechost.dll
0x00007ffcd2160000 - 0x00007ffcd2188000 	C:\WINDOWS\System32\bcrypt.dll
0x00007ffcd2df0000 - 0x00007ffcd2f07000 	C:\WINDOWS\System32\RPCRT4.dll
0x00007ffcd1be0000 - 0x00007ffcd1c2d000 	C:\WINDOWS\SYSTEM32\POWRPROF.dll
0x00007ffcc6670000 - 0x00007ffcc66a4000 	C:\WINDOWS\SYSTEM32\WINMM.dll
0x00007ffca6110000 - 0x00007ffca6119000 	C:\WINDOWS\SYSTEM32\WSOCK32.dll
0x00007ffcbd4d0000 - 0x00007ffcbd4da000 	C:\WINDOWS\SYSTEM32\VERSION.dll
0x00007ffcd37e0000 - 0x00007ffcd3851000 	C:\WINDOWS\System32\WS2_32.dll
0x00007ffcd1bc0000 - 0x00007ffcd1bd3000 	C:\WINDOWS\SYSTEM32\UMPDC.dll
0x00007ffcd0d10000 - 0x00007ffcd0d28000 	C:\WINDOWS\SYSTEM32\kernel.appcore.dll
0x00007ffcc75f0000 - 0x00007ffcc75fa000 	C:\Users\alexc\AppData\Local\Programs\DataGrip\jbr\bin\jimage.dll
0x00007ffcd0270000 - 0x00007ffcd04a3000 	C:\WINDOWS\SYSTEM32\DBGHELP.DLL
0x00007ffcd44d0000 - 0x00007ffcd4859000 	C:\WINDOWS\System32\combase.dll
0x00007ffcd2c20000 - 0x00007ffcd2cf7000 	C:\WINDOWS\System32\OLEAUT32.dll
0x00007ffcaf380000 - 0x00007ffcaf3b2000 	C:\WINDOWS\SYSTEM32\dbgcore.DLL
0x00007ffcd1ea0000 - 0x00007ffcd1f1a000 	C:\WINDOWS\System32\bcryptPrimitives.dll
0x00007ffcbe7d0000 - 0x00007ffcbe7f5000 	C:\Users\alexc\AppData\Local\Programs\DataGrip\jbr\bin\java.dll

dbghelp: loaded successfully - version: 4.0.5 - missing functions: none
symbol engine: initialized successfully - sym options: 0x614 - pdb path: .;C:\Users\alexc\AppData\Local\Programs\DataGrip\jbr\bin;C:\WINDOWS\SYSTEM32;C:\WINDOWS\WinSxS\amd64_microsoft.windows.common-controls_6595b64144ccf1df_6.0.22621.2506_none_270c5ae97388e100;C:\Users\alexc\AppData\Local\Programs\DataGrip\jbr\bin\server

VM Arguments:
jvm_args: -Djava.rmi.server.hostname=127.0.0.1 -Duser.timezone=UTC -Xmx750m -Xms256m -Djdbc.classpath=C:\Users\alexc\AppData\Local\Programs\DataGrip\plugins\DatabaseTools\lib\jdbc-console.jar;C:\Users\alexc\AppData\Roaming\JetBrains\DataGrip2023.3\jdbc-drivers\PostgreSQL\42.6.0\org\postgresql\postgresql\42.6.0\postgresql-42.6.0.jar;C:\Users\alexc\AppData\Roaming\JetBrains\DataGrip2023.3\jdbc-drivers\PostgreSQL\42.6.0\org\checkerframework\checker-qual\3.31.0\checker-qual-3.31.0.jar;C:\Users\alexc\AppData\Roaming\JetBrains\DataGrip2023.3\jdbc-drivers\PostgreSQL\42.6.0\com\github\waffle\waffle-jna\1.9.1\waffle-jna-1.9.1.jar;C:\Users\alexc\AppData\Roaming\JetBrains\DataGrip2023.3\jdbc-drivers\PostgreSQL\42.6.0\net\java\dev\jna\jna\4.5.1\jna-4.5.1.jar;C:\Users\alexc\AppData\Roaming\JetBrains\DataGrip2023.3\jdbc-drivers\PostgreSQL\42.6.0\net\java\dev\jna\jna-platform\4.5.1\jna-platform-4.5.1.jar;C:\Users\alexc\AppData\Roaming\JetBrains\DataGrip2023.3\jdbc-drivers\PostgreSQL\42.6.0\org\slf4j\jcl-over-slf4j\1.7.25\jcl-over-slf4j-1.7.25.jar;C:\Users\alexc\AppData\Roaming\JetBrains\DataGrip2023.3\jdbc-drivers\PostgreSQL\42.6.0\org\slf4j\slf4j-api\1.7.25\slf4j-api-1.7.25.jar;C:\Users\alexc\AppData\Roaming\JetBrains\DataGrip2023.3\jdbc-drivers\PostgreSQL\42.6.0\com\github\ben-manes\caffeine\caffeine\2.6.2\caffeine-2.6.2.jar --add-exports=java.desktop/sun.awt=ALL-UNNAMED --add-exports=java.desktop/java.awt.peer=ALL-UNNAMED --add-opens=java.desktop/java.awt=ALL-UNNAMED --add-opens=jdk.unsupported/sun.misc=ALL-UNNAMED --add-opens=java.base/java.nio=ALL-UNNAMED --add-opens=java.base/java.util=ALL-UNNAMED -Dfile.encoding=UTF-8 
java_command: com.intellij.database.remote.RemoteJdbcServer org.postgresql.Driver
java_class_path (initial): C:\Users\alexc\AppData\Local\Programs\DataGrip\lib\util_rt.jar;C:\Users\alexc\AppData\Local\Programs\DataGrip\lib\util-8.jar;C:\Users\alexc\AppData\Local\Programs\DataGrip\lib\groovy.jar;C:\Users\alexc\AppData\Local\Programs\DataGrip\plugins\DatabaseTools\lib\jdbc-console.jar;C:\Users\alexc\AppData\Local\Programs\DataGrip\plugins\grid-core-impl\lib\jdbc-console-types.jar;C:\Users\alexc\AppData\Local\Programs\DataGrip\lib\util.jar
Launcher Type: SUN_STANDARD

[Global flags]
     intx CICompilerCount                          = 12                                        {product} {ergonomic}
     uint ConcGCThreads                            = 3                                         {product} {ergonomic}
     uint G1ConcRefinementThreads                  = 13                                        {product} {ergonomic}
   size_t G1HeapRegionSize                         = 1048576                                   {product} {ergonomic}
    uintx GCDrainStackTargetSize                   = 64                                        {product} {ergonomic}
   size_t InitialHeapSize                          = 268435456                                 {product} {command line}
   size_t MarkStackSize                            = 4194304                                   {product} {ergonomic}
   size_t MaxHeapSize                              = 786432000                                 {product} {command line}
   size_t MinHeapDeltaBytes                        = 1048576                                   {product} {ergonomic}
   size_t MinHeapSize                              = 268435456                                 {product} {command line}
    uintx NonNMethodCodeHeapSize                   = 7602480                                {pd product} {ergonomic}
    uintx NonProfiledCodeHeapSize                  = 122027880                              {pd product} {ergonomic}
    uintx ProfiledCodeHeapSize                     = 122027880                              {pd product} {ergonomic}
    uintx ReservedCodeCacheSize                    = 251658240                              {pd product} {ergonomic}
     bool SegmentedCodeCache                       = true                                      {product} {ergonomic}
   size_t SoftMaxHeapSize                          = 786432000                              {manageable} {ergonomic}
     bool UseCompressedClassPointers               = true                           {product lp64_product} {ergonomic}
     bool UseCompressedOops                        = true                           {product lp64_product} {ergonomic}
     bool UseG1GC                                  = true                                      {product} {ergonomic}
     bool UseLargePagesIndividualAllocation        = false                                  {pd product} {ergonomic}

Logging:
Log output configuration:
 #0: stdout all=warning uptime,level,tags
 #1: stderr all=off uptime,level,tags

Environment Variables:
JAVA_HOME=E:\Java\jdk-17\bin\java.exe
PATH=C:\Program Files (x86)\Common Files\Oracle\Java\javapath;E:\Python\Scripts\;E:\Python\;E:\apache-maven-3.9.0\bin;C:\Program Files\Java\jdk-19\bin;E:\Java\jdk-17\bin;C:\windows\system32;E:\bin;E:\Maven\apache-maven-3.9.1\bin;C:\Program Files\dotnet\;C:\WINDOWS\system32;C:\WINDOWS;C:\WINDOWS\System32\Wbem;C:\WINDOWS\System32\WindowsPowerShell\v1.0\;C:\WINDOWS\System32\OpenSSH\;E:\PostgreSQL\16\bin;E:\nvm;E:\nodejs;E:\Git\cmd;E:\Java\jdk-17\bin;C:\Program Files\Docker\Docker\resources\bin;E:\Python\python.exe;C:\Users\alexc\AppData\Local\Programs\Python\Python311\Scripts\;C:\Users\alexc\AppData\Local\Programs\Python\Python311\;C:\Users\alexc\AppData\Local\Microsoft\WindowsApps;E:\Microsoft VS Code\bin;C:\Users\alexc\.dotnet\tools;C:\Users\alexc\AppData\Local\JetBrains\Toolbox\scripts;E:\Java\jdk-17\bin\java.exe\bin;C:\Users\alexc\AppData\Local\GitHubDesktop\bin;C:\Users\alexc\.dotnet\tools;C:\Users\alexc\AppData\Local\Microsoft\WindowsApps;C:\MinGW\bin;C:\Program Files\PostgreSQL\15\bin;C:\Program Files\heroku\bin;C:\Users\alexc\AppData\Roaming\npm;E:\heroku\bin;C:\Users\alexc\AppData\Local\Programs\mongosh\
USERNAME=alexc
OS=Windows_NT
PROCESSOR_IDENTIFIER=Intel64 Family 6 Model 154 Stepping 3, GenuineIntel
TMP=C:\Users\alexc\AppData\Local\Temp
TEMP=C:\Users\alexc\AppData\Local\Temp



Periodic native trim disabled

JNI global refs:
JNI global refs: 0, weak refs: 0

JNI global refs memory usage: 0, weak refs: 0

OOME stack traces (most recent first):
Classloader memory used:


---------------  S Y S T E M  ---------------

OS:
 Windows 11 , 64 bit Build 22621 (10.0.22621.3085)
OS uptime: 0 days 6:50 hours
Hyper-V role detected

CPU: total 16 (initial active 16) (8 cores per cpu, 2 threads per core) family 6 model 154 stepping 3 microcode 0x423, cx8, cmov, fxsr, ht, mmx, 3dnowpref, sse, sse2, sse3, ssse3, sse4.1, sse4.2, popcnt, lzcnt, tsc, tscinvbit, avx, avx2, aes, erms, clmul, bmi1, bmi2, adx, sha, fma, vzeroupper, clflush, clflushopt, clwb, hv
Processor Information for processor 0
  Max Mhz: 2100, Current Mhz: 2100, Mhz Limit: 2100
Processor Information for processor 1
  Max Mhz: 2100, Current Mhz: 2100, Mhz Limit: 2100
Processor Information for processor 2
  Max Mhz: 2100, Current Mhz: 2100, Mhz Limit: 2100
Processor Information for processor 3
  Max Mhz: 2100, Current Mhz: 2100, Mhz Limit: 2100
Processor Information for processor 4
  Max Mhz: 2100, Current Mhz: 2100, Mhz Limit: 2100
Processor Information for processor 5
  Max Mhz: 2100, Current Mhz: 1453, Mhz Limit: 2100
Processor Information for processor 6
  Max Mhz: 2100, Current Mhz: 2100, Mhz Limit: 2100
Processor Information for processor 7
  Max Mhz: 2100, Current Mhz: 2100, Mhz Limit: 2100
Processor Information for processor 8
  Max Mhz: 2100, Current Mhz: 1500, Mhz Limit: 1491
Processor Information for processor 9
  Max Mhz: 2100, Current Mhz: 1500, Mhz Limit: 1491
Processor Information for processor 10
  Max Mhz: 2100, Current Mhz: 1500, Mhz Limit: 1491
Processor Information for processor 11
  Max Mhz: 2100, Current Mhz: 1500, Mhz Limit: 1491
Processor Information for processor 12
  Max Mhz: 2100, Current Mhz: 1500, Mhz Limit: 1491
Processor Information for processor 13
  Max Mhz: 2100, Current Mhz: 1500, Mhz Limit: 1491
Processor Information for processor 14
  Max Mhz: 2100, Current Mhz: 1500, Mhz Limit: 1491
Processor Information for processor 15
  Max Mhz: 2100, Current Mhz: 1500, Mhz Limit: 1491

Memory: 4k page, system-wide physical 15997M (3275M free)
TotalPageFile size 15997M (AvailPageFile size 186M)
current process WorkingSet (physical memory assigned to process): 11M, peak: 11M
current process commit charge ("private bytes"): 70M, peak: 326M

vm_info: OpenJDK 64-Bit Server VM (17.0.9+7-b1087.11) for windows-amd64 JRE (17.0.9+7-b1087.11), built on 2024-01-05 by "builduser" with MS VC++ 16.10 / 16.11 (VS2019)

END.
